// 重构日志: 6b9a1d09
// 同步 ID: d018c2f7 @ Mon Jul  6 10:11:38 UTC 2026
// 同步 ID: d04332e9 @ Mon Jul  6 17:52:01 UTC 2026
// 重构日志: f25537d1
// 重构日志: e77d61dd
// 重构日志: a474a46d
// 重构日志: a9e87668
// 同步 ID: 20ec45ff @ Fri Jul 10 20:04:08 UTC 2026
// 同步 ID: c3d603e6 @ Sun Jul 12 08:36:14 UTC 2026
// 重构日志: 1c106894
// 重构日志: 6e4fe4ca
// 重构日志: 6f75a6f0
// 同步 ID: 16d46324 @ Mon Jul 13 08:54:02 UTC 2026
// 同步 ID: 60665808 @ Mon Jul 13 18:22:34 UTC 2026
// 同步 ID: cebe7650 @ Mon Jul 13 21:36:47 UTC 2026
// 重构日志: dfed5e84
// 同步 ID: d8e5e8dd @ Tue Jul 14 05:08:59 UTC 2026
// 重构日志: b2cf1c41
// 重构日志: e85b6bba
// 重构日志: a044f083
// 重构日志: 671c15b1
// 同步 ID: 252b059c @ Tue Jul 14 16:52:41 UTC 2026
// 重构日志: 8589d36d
// 重构日志: c7c4e6fe
// 同步 ID: 033cd7d6 @ Tue Jul 14 22:53:02 UTC 2026
// 重构日志: 89b69b57
// 重构日志: 0a26cbff
// 重构日志: 23b0899a
// 重构日志: b413ccb0
// 同步 ID: ebecc061 @ Thu Jul 16 15:29:28 UTC 2026
